# JRE version: Java(TM) SE Runtime Environment (8.0_201-b09) (build 1.8.0_201-b09)
# Java VM: Java HotSpot(TM) 64-Bit Server VM (25.201-b09 mixed mode linux-amd64 compressed oops)
Heap:
 garbage-first heap   total 413696K, used 99360K [0x00000000c0000000, 0x00000000c0100ca0, 0x0000000100000000)
  region size 1024K, 17 young (17408K), 17 survivors (17408K)
 Metaspace       used 44017K, capacity 46438K, committed 46640K, reserved 1091584K
  class space    used 4600K, capacity 5399K, committed 5424K, reserved 1048576K
GC Heap History (10 events):
Event: 163,451 GC heap after
Heap after GC invocations=36 (full 0):
 garbage-first heap   total 126976K, used 73420K [0x00000000c0000000, 0x00000000c01003e0, 0x0000000100000000)
  region size 1024K, 1 young (1024K), 1 survivors (1024K)
 Metaspace       used 42605K, capacity 45000K, committed 45232K, reserved 1089536K
  class space    used 4488K, capacity 5266K, committed 5296K, reserved 1048576K
}
Event: 163,624 GC heap before
{Heap before GC invocations=36 (full 0):
 garbage-first heap   total 126976K, used 104140K [0x00000000c0000000, 0x00000000c01003e0, 0x0000000100000000)
  region size 1024K, 32 young (32768K), 1 survivors (1024K)
 Metaspace       used 42605K, capacity 45000K, committed 45232K, reserved 1089536K
  class space    used 4488K, capacity 5266K, committed 5296K, reserved 1048576K
Event: 163,648 GC heap after
Heap after GC invocations=37 (full 0):
 garbage-first heap   total 126976K, used 77203K [0x00000000c0000000, 0x00000000c01003e0, 0x0000000100000000)
  region size 1024K, 5 young (5120K), 5 survivors (5120K)
 Metaspace       used 42605K, capacity 45000K, committed 45232K, reserved 1089536K
  class space    used 4488K, capacity 5266K, committed 5296K, reserved 1048576K
}
Event: 164,025 GC heap before
{Heap before GC invocations=38 (full 0):
 garbage-first heap   total 126976K, used 108627K [0x00000000c0000000, 0x00000000c01003e0, 0x0000000100000000)
  region size 1024K, 34 young (34816K), 5 survivors (5120K)
 Metaspace       used 43220K, capacity 45654K, committed 45872K, reserved 1089536K
  class space    used 4537K, capacity 5333K, committed 5424K, reserved 1048576K
Event: 164,042 GC heap after
Heap after GC invocations=39 (full 0):
 garbage-first heap   total 126976K, used 83710K [0x00000000c0000000, 0x00000000c01003e0, 0x0000000100000000)
  region size 1024K, 5 young (5120K), 5 survivors (5120K)
 Metaspace       used 43220K, capacity 45654K, committed 45872K, reserved 1089536K
  class space    used 4537K, capacity 5333K, committed 5424K, reserved 1048576K
}
Event: 164,045 GC heap before
{Heap before GC invocations=39 (full 0):
 garbage-first heap   total 126976K, used 84734K [0x00000000c0000000, 0x00000000c01003e0, 0x0000000100000000)
  region size 1024K, 6 young (6144K), 5 survivors (5120K)
 Metaspace       used 43221K, capacity 45654K, committed 45872K, reserved 1089536K
  class space    used 4537K, capacity 5333K, committed 5424K, reserved 1048576K
Event: 164,071 GC heap after
Heap after GC invocations=40 (full 0):
 garbage-first heap   total 126976K, used 79392K [0x00000000c0000000, 0x00000000c01003e0, 0x0000000100000000)
  region size 1024K, 1 young (1024K), 1 survivors (1024K)
 Metaspace       used 43221K, capacity 45654K, committed 45872K, reserved 1089536K
  class space    used 4537K, capacity 5333K, committed 5424K, reserved 1048576K
}
Event: 164,250 GC heap before
{Heap before GC invocations=40 (full 0):
 garbage-first heap   total 126976K, used 108064K [0x00000000c0000000, 0x00000000c01003e0, 0x0000000100000000)
  region size 1024K, 29 young (29696K), 1 survivors (1024K)
 Metaspace       used 43532K, capacity 45958K, committed 46128K, reserved 1089536K
  class space    used 4572K, capacity 5367K, committed 5424K, reserved 1048576K
Event: 164,296 GC heap after
Heap after GC invocations=41 (full 0):
 garbage-first heap   total 253952K, used 84000K [0x00000000c0000000, 0x00000000c01007c0, 0x0000000100000000)
  region size 1024K, 4 young (4096K), 4 survivors (4096K)
 Metaspace       used 43532K, capacity 45958K, committed 46128K, reserved 1089536K
  class space    used 4572K, capacity 5367K, committed 5424K, reserved 1048576K
}
Event: 167,132 GC heap before
{Heap before GC invocations=41 (full 0):
 garbage-first heap   total 253952K, used 215072K [0x00000000c0000000, 0x00000000c01007c0, 0x0000000100000000)
  region size 1024K, 132 young (135168K), 4 survivors (4096K)
 Metaspace       used 44017K, capacity 46438K, committed 46640K, reserved 1091584K
  class space    used 4600K, capacity 5399K, committed 5424K, reserved 1048576K

